\BOOKMARK [0][-]{chapter.3}{\376\377\000I\000n\000t\000r\000o\000d\000u\000c\000t\000i\000o\000n}{}% 1
\BOOKMARK [1][-]{section.4}{\376\377\000W\000h\000a\000t\000\040\000i\000s\000\040\000A\000r\000t\000i\000f\000i\000c\000i\000a\000l\000\040\000I\000n\000t\000e\000l\000l\000i\000g\000e\000n\000c\000e\000?}{chapter.3}% 2
\BOOKMARK [1][-]{section.5}{\376\377\000E\000v\000o\000l\000u\000t\000i\000o\000n\000\040\000o\000f\000\040\000A\000I}{chapter.3}% 3
\BOOKMARK [1][-]{section.7}{\376\377\000T\000h\000e\000\040\000r\000i\000s\000k\000s\000\040\000A\000I}{chapter.3}% 4
\BOOKMARK [1][-]{section.10}{\376\377\000T\000h\000e\000\040\000g\000o\000a\000l\000\040\000o\000f\000\040\000t\000h\000i\000s\000\040\000s\000t\000u\000d\000y}{chapter.3}% 5
\BOOKMARK [0][-]{chapter.11}{\376\377\000B\000a\000c\000k\000g\000r\000o\000u\000n\000d}{}% 6
\BOOKMARK [1][-]{section.12}{\376\377\000L\000a\000r\000g\000e\000\040\000L\000a\000n\000g\000u\000a\000g\000e\000\040\000M\000o\000d\000e\000l\000s}{chapter.11}% 7
\BOOKMARK [2][-]{subsection.13}{\376\377\000L\000a\000n\000g\000u\000a\000g\000e\000\040\000M\000o\000d\000e\000l\000\040\000E\000v\000o\000l\000u\000t\000i\000o\000n}{section.12}% 8
\BOOKMARK [2][-]{subsection.16}{\376\377\000S\000t\000a\000t\000e\000-\000o\000f\000-\000t\000h\000e\000-\000a\000r\000t}{section.12}% 9
\BOOKMARK [2][-]{subsection.21}{\376\377\000S\000t\000a\000t\000e\000\040\000o\000f\000\040\000t\000h\000e\000\040\000p\000r\000a\000c\000t\000i\000c\000e}{section.12}% 10
\BOOKMARK [1][-]{section.35}{\376\377\000P\000r\000o\000m\000p\000t\000\040\000E\000n\000g\000i\000n\000e\000e\000r\000i\000n\000g}{chapter.11}% 11
\BOOKMARK [2][-]{subsection.36}{\376\377\000I\000n\000t\000r\000o\000d\000u\000c\000t\000i\000o\000n\000\040\000a\000n\000d\000\040\000E\000v\000o\000l\000u\000t\000i\000o\000n}{section.35}% 12
\BOOKMARK [2][-]{subsection.38}{\376\377\000T\000a\000x\000o\000n\000o\000m\000i\000e\000s\000\040\000a\000n\000d\000\040\000m\000a\000i\000n\000\040\000t\000e\000c\000h\000n\000i\000q\000u\000e\000s}{section.35}% 13
\BOOKMARK [2][-]{subsection.51}{\376\377\000S\000t\000a\000t\000e\000-\000o\000f\000-\000t\000h\000e\000-\000p\000r\000a\000c\000t\000i\000c\000e}{section.35}% 14
\BOOKMARK [3][-]{section*.52}{\376\377\000P\000r\000o\000m\000p\000t\000\040\000e\000n\000g\000i\000n\000e\000e\000r\000i\000n\000g\000\040\000i\000n\000\040\000t\000h\000e\000\040\000m\000e\000d\000i\000c\000a\000l\000\040\000f\000i\000e\000l\000d\000:}{subsection.51}% 15
\BOOKMARK [3][-]{section*.53}{\376\377\000P\000r\000o\000m\000p\000t\000\040\000e\000n\000g\000i\000n\000e\000e\000r\000i\000n\000g\000\040\000i\000n\000\040\000t\000h\000e\000\040\000e\000d\000u\000c\000a\000t\000i\000o\000n\000a\000l\000\040\000f\000i\000e\000l\000d\000:}{subsection.51}% 16
\BOOKMARK [3][-]{section*.54}{\376\377\000P\000r\000o\000m\000p\000t\000\040\000E\000n\000g\000i\000n\000e\000e\000r\000i\000n\000g\000\040\000i\000n\000\040\000t\000h\000e\000\040\000l\000e\000g\000a\000l\000\040\000f\000i\000e\000l\000d\000:}{subsection.51}% 17
\BOOKMARK [0][-]{chapter.56}{\376\377\000P\000r\000o\000p\000o\000s\000e\000d\000\040\000M\000e\000t\000h\000o\000d\000o\000l\000o\000g\000y}{}% 18
\BOOKMARK [0][-]{chapter.57}{\376\377\000D\000e\000s\000i\000g\000n\000\040\000a\000n\000d\000\040\000i\000m\000p\000l\000e\000m\000e\000n\000t\000a\000t\000i\000o\000n\000s}{}% 19
\BOOKMARK [0][-]{chapter.58}{\376\377\000E\000v\000a\000l\000u\000a\000t\000i\000o\000n\000\040\000a\000n\000d\000\040\000r\000e\000s\000u\000l\000t\000s}{}% 20
\BOOKMARK [0][-]{chapter.59}{\376\377\000C\000o\000n\000c\000l\000u\000s\000i\000o\000n\000s\000\040\000a\000n\000d\000\040\000p\000o\000s\000s\000i\000b\000l\000e\000\040\000f\000u\000t\000u\000r\000e\000\040\000s\000o\000l\000u\000t\000i\000o\000n\000s}{}% 21
\BOOKMARK [0][-]{chapter*.61}{\376\377\000B\000i\000b\000l\000i\000o\000g\000r\000a\000p\000h\000y}{}% 22
